2023-03-19 20:21:31 INFO     test: 1p: 22812
2023-03-19 20:21:39 INFO     Test 1p MRR at epoch 100: 0.458707
2023-03-19 20:21:39 INFO     Test 1p HITS1 at epoch 100: 0.356744
2023-03-19 20:21:39 INFO     Test 1p HITS3 at epoch 100: 0.507446
2023-03-19 20:21:39 INFO     Test 1p HITS10 at epoch 100: 0.661790
2023-03-19 20:21:39 INFO     Test 1p num_queries at epoch 100: 22812.000000
2023-03-19 20:21:39 INFO     Test average MRR at epoch 100: 0.458707
2023-03-19 20:21:39 INFO     Test average HITS1 at epoch 100: 0.356744
2023-03-19 20:21:39 INFO     Test average HITS3 at epoch 100: 0.507446
2023-03-19 20:21:39 INFO     Test average HITS10 at epoch 100: 0.661790
2023-03-19 20:21:40 INFO     test: 2p: 5000
2023-03-19 20:21:48 INFO     Test 2p MRR at epoch 100: 0.282892
2023-03-19 20:21:48 INFO     Test 2p HITS1 at epoch 100: 0.203130
2023-03-19 20:21:48 INFO     Test 2p HITS3 at epoch 100: 0.304305
2023-03-19 20:21:48 INFO     Test 2p HITS10 at epoch 100: 0.450468
2023-03-19 20:21:48 INFO     Test 2p num_queries at epoch 100: 5000.000000
2023-03-19 20:21:48 INFO     Test average MRR at epoch 100: 0.282892
2023-03-19 20:21:48 INFO     Test average HITS1 at epoch 100: 0.203130
2023-03-19 20:21:48 INFO     Test average HITS3 at epoch 100: 0.304305
2023-03-19 20:21:48 INFO     Test average HITS10 at epoch 100: 0.450468
2023-03-19 20:21:49 INFO     test: 3p: 5000
2023-03-19 20:21:57 INFO     Test 3p MRR at epoch 100: 0.200534
2023-03-19 20:21:57 INFO     Test 3p HITS1 at epoch 100: 0.140731
2023-03-19 20:21:57 INFO     Test 3p HITS3 at epoch 100: 0.209556
2023-03-19 20:21:57 INFO     Test 3p HITS10 at epoch 100: 0.319825
2023-03-19 20:21:57 INFO     Test 3p num_queries at epoch 100: 5000.000000
2023-03-19 20:21:57 INFO     Test average MRR at epoch 100: 0.200534
2023-03-19 20:21:57 INFO     Test average HITS1 at epoch 100: 0.140731
2023-03-19 20:21:57 INFO     Test average HITS3 at epoch 100: 0.209556
2023-03-19 20:21:57 INFO     Test average HITS10 at epoch 100: 0.319825
2023-03-19 20:21:58 INFO     test: 2i: 5000
2023-03-19 20:22:04 INFO     Test 2i MRR at epoch 100: 0.351833
2023-03-19 20:22:04 INFO     Test 2i HITS1 at epoch 100: 0.244730
2023-03-19 20:22:04 INFO     Test 2i HITS3 at epoch 100: 0.400993
2023-03-19 20:22:04 INFO     Test 2i HITS10 at epoch 100: 0.563831
2023-03-19 20:22:04 INFO     Test 2i num_queries at epoch 100: 5000.000000
2023-03-19 20:22:04 INFO     Test average MRR at epoch 100: 0.351833
2023-03-19 20:22:04 INFO     Test average HITS1 at epoch 100: 0.244730
2023-03-19 20:22:04 INFO     Test average HITS3 at epoch 100: 0.400993
2023-03-19 20:22:04 INFO     Test average HITS10 at epoch 100: 0.563831
2023-03-19 20:22:05 INFO     test: 3i: 5000
2023-03-19 20:22:11 INFO     Test 3i MRR at epoch 100: 0.469258
2023-03-19 20:22:11 INFO     Test 3i HITS1 at epoch 100: 0.367399
2023-03-19 20:22:11 INFO     Test 3i HITS3 at epoch 100: 0.520956
2023-03-19 20:22:11 INFO     Test 3i HITS10 at epoch 100: 0.665180
2023-03-19 20:22:11 INFO     Test 3i num_queries at epoch 100: 5000.000000
2023-03-19 20:22:11 INFO     Test average MRR at epoch 100: 0.469258
2023-03-19 20:22:11 INFO     Test average HITS1 at epoch 100: 0.367399
2023-03-19 20:22:11 INFO     Test average HITS3 at epoch 100: 0.520956
2023-03-19 20:22:11 INFO     Test average HITS10 at epoch 100: 0.665180
2023-03-19 20:22:13 INFO     test: ip: 5000
2023-03-19 20:22:24 INFO     Test ip MRR at epoch 100: 0.195591
2023-03-19 20:22:24 INFO     Test ip HITS1 at epoch 100: 0.131671
2023-03-19 20:22:24 INFO     Test ip HITS3 at epoch 100: 0.205419
2023-03-19 20:22:24 INFO     Test ip HITS10 at epoch 100: 0.322629
2023-03-19 20:22:24 INFO     Test ip num_queries at epoch 100: 5000.000000
2023-03-19 20:22:24 INFO     Test average MRR at epoch 100: 0.195591
2023-03-19 20:22:24 INFO     Test average HITS1 at epoch 100: 0.131671
2023-03-19 20:22:24 INFO     Test average HITS3 at epoch 100: 0.205419
2023-03-19 20:22:24 INFO     Test average HITS10 at epoch 100: 0.322629
2023-03-19 20:22:25 INFO     test: pi: 5000
2023-03-19 20:22:36 INFO     Test pi MRR at epoch 100: 0.277131
2023-03-19 20:22:36 INFO     Test pi HITS1 at epoch 100: 0.195197
2023-03-19 20:22:36 INFO     Test pi HITS3 at epoch 100: 0.299897
2023-03-19 20:22:36 INFO     Test pi HITS10 at epoch 100: 0.443380
2023-03-19 20:22:36 INFO     Test pi num_queries at epoch 100: 5000.000000
2023-03-19 20:22:36 INFO     Test average MRR at epoch 100: 0.277131
2023-03-19 20:22:36 INFO     Test average HITS1 at epoch 100: 0.195197
2023-03-19 20:22:36 INFO     Test average HITS3 at epoch 100: 0.299897
2023-03-19 20:22:36 INFO     Test average HITS10 at epoch 100: 0.443380
2023-03-19 20:22:37 INFO     test: 2u: 5000
2023-03-19 20:22:42 INFO     Test 2u MRR at epoch 100: 0.267893
2023-03-19 20:22:42 INFO     Test 2u HITS1 at epoch 100: 0.166686
2023-03-19 20:22:42 INFO     Test 2u HITS3 at epoch 100: 0.302177
2023-03-19 20:22:42 INFO     Test 2u HITS10 at epoch 100: 0.485328
2023-03-19 20:22:42 INFO     Test 2u num_queries at epoch 100: 5000.000000
2023-03-19 20:22:42 INFO     Test average MRR at epoch 100: 0.267893
2023-03-19 20:22:42 INFO     Test average HITS1 at epoch 100: 0.166686
2023-03-19 20:22:42 INFO     Test average HITS3 at epoch 100: 0.302177
2023-03-19 20:22:42 INFO     Test average HITS10 at epoch 100: 0.485328
2023-03-19 20:22:44 INFO     test: up: 5000
2023-03-19 20:22:54 INFO     Test up MRR at epoch 100: 0.214721
2023-03-19 20:22:54 INFO     Test up HITS1 at epoch 100: 0.135195
2023-03-19 20:22:54 INFO     Test up HITS3 at epoch 100: 0.230421
2023-03-19 20:22:54 INFO     Test up HITS10 at epoch 100: 0.376534
2023-03-19 20:22:54 INFO     Test up num_queries at epoch 100: 5000.000000
2023-03-19 20:22:54 INFO     Test average MRR at epoch 100: 0.214721
2023-03-19 20:22:54 INFO     Test average HITS1 at epoch 100: 0.135195
2023-03-19 20:22:54 INFO     Test average HITS3 at epoch 100: 0.230421
2023-03-19 20:22:54 INFO     Test average HITS10 at epoch 100: 0.376534
