2023-04-07 02:20:37 INFO     test: 1ap: 3000
2023-04-07 02:20:37 INFO     Test 1ap MAE at epoch 100: 0.050005
2023-04-07 02:20:37 INFO     Test 1ap MSE at epoch 100: 0.010781
2023-04-07 02:20:37 INFO     Test 1ap RMSE at epoch 100: 0.103832
2023-04-07 02:20:37 INFO     Test 1ap num_queries at epoch 100: 3000.000000
2023-04-07 02:20:37 INFO     Test average MAE at epoch 100: 0.050005
2023-04-07 02:20:37 INFO     Test average MSE at epoch 100: 0.010781
2023-04-07 02:20:37 INFO     Test average RMSE at epoch 100: 0.103832
2023-04-07 02:20:39 INFO     test: 2ap: 100
2023-04-07 02:20:39 INFO     Test 2ap MAE at epoch 100: 0.033859
2023-04-07 02:20:39 INFO     Test 2ap MSE at epoch 100: 0.004531
2023-04-07 02:20:39 INFO     Test 2ap RMSE at epoch 100: 0.067311
2023-04-07 02:20:39 INFO     Test 2ap num_queries at epoch 100: 100.000000
2023-04-07 02:20:39 INFO     Test average MAE at epoch 100: 0.033859
2023-04-07 02:20:39 INFO     Test average MSE at epoch 100: 0.004531
2023-04-07 02:20:39 INFO     Test average RMSE at epoch 100: 0.067311
2023-04-07 02:20:41 INFO     test: 3ap: 100
2023-04-07 02:20:43 INFO     Test 3ap MAE at epoch 100: 0.041317
2023-04-07 02:20:43 INFO     Test 3ap MSE at epoch 100: 0.006783
2023-04-07 02:20:43 INFO     Test 3ap RMSE at epoch 100: 0.082361
2023-04-07 02:20:43 INFO     Test 3ap num_queries at epoch 100: 100.000000
2023-04-07 02:20:43 INFO     Test average MAE at epoch 100: 0.041317
2023-04-07 02:20:43 INFO     Test average MSE at epoch 100: 0.006783
2023-04-07 02:20:43 INFO     Test average RMSE at epoch 100: 0.082361
2023-04-07 02:20:45 INFO     test: ai-lt: 66
2023-04-07 02:20:48 INFO     Test ai-lt MRR at epoch 100: 0.296975
2023-04-07 02:20:48 INFO     Test ai-lt HITS1 at epoch 100: 0.198929
2023-04-07 02:20:48 INFO     Test ai-lt HITS3 at epoch 100: 0.361567
2023-04-07 02:20:48 INFO     Test ai-lt HITS10 at epoch 100: 0.483291
2023-04-07 02:20:48 INFO     Test ai-lt num_queries at epoch 100: 66.000000
2023-04-07 02:20:48 INFO     Test average MRR at epoch 100: 0.296975
2023-04-07 02:20:48 INFO     Test average HITS1 at epoch 100: 0.198929
2023-04-07 02:20:48 INFO     Test average HITS3 at epoch 100: 0.361567
2023-04-07 02:20:48 INFO     Test average HITS10 at epoch 100: 0.483291
2023-04-07 02:20:49 INFO     test: ai-eq: 100
2023-04-07 02:20:53 INFO     Test ai-eq MRR at epoch 100: 0.166325
2023-04-07 02:20:53 INFO     Test ai-eq HITS1 at epoch 100: 0.095459
2023-04-07 02:20:53 INFO     Test ai-eq HITS3 at epoch 100: 0.189290
2023-04-07 02:20:53 INFO     Test ai-eq HITS10 at epoch 100: 0.297983
2023-04-07 02:20:53 INFO     Test ai-eq num_queries at epoch 100: 100.000000
2023-04-07 02:20:53 INFO     Test average MRR at epoch 100: 0.166325
2023-04-07 02:20:53 INFO     Test average HITS1 at epoch 100: 0.095459
2023-04-07 02:20:53 INFO     Test average HITS3 at epoch 100: 0.189290
2023-04-07 02:20:53 INFO     Test average HITS10 at epoch 100: 0.297983
2023-04-07 02:20:55 INFO     test: ai-gt: 64
2023-04-07 02:20:57 INFO     Test ai-gt MRR at epoch 100: 0.178318
2023-04-07 02:20:57 INFO     Test ai-gt HITS1 at epoch 100: 0.087507
2023-04-07 02:20:57 INFO     Test ai-gt HITS3 at epoch 100: 0.211706
2023-04-07 02:20:57 INFO     Test ai-gt HITS10 at epoch 100: 0.374764
2023-04-07 02:20:57 INFO     Test ai-gt num_queries at epoch 100: 64.000000
2023-04-07 02:20:57 INFO     Test average MRR at epoch 100: 0.178318
2023-04-07 02:20:57 INFO     Test average HITS1 at epoch 100: 0.087507
2023-04-07 02:20:57 INFO     Test average HITS3 at epoch 100: 0.211706
2023-04-07 02:20:57 INFO     Test average HITS10 at epoch 100: 0.374764
2023-04-07 02:20:59 INFO     test: 2ai: 100
2023-04-07 02:21:05 INFO     Test 2ai MRR at epoch 100: 0.201971
2023-04-07 02:21:05 INFO     Test 2ai HITS1 at epoch 100: 0.141993
2023-04-07 02:21:05 INFO     Test 2ai HITS3 at epoch 100: 0.226767
2023-04-07 02:21:05 INFO     Test 2ai HITS10 at epoch 100: 0.326068
2023-04-07 02:21:05 INFO     Test 2ai num_queries at epoch 100: 100.000000
2023-04-07 02:21:05 INFO     Test average MRR at epoch 100: 0.201971
2023-04-07 02:21:05 INFO     Test average HITS1 at epoch 100: 0.141993
2023-04-07 02:21:05 INFO     Test average HITS3 at epoch 100: 0.226767
2023-04-07 02:21:05 INFO     Test average HITS10 at epoch 100: 0.326068
2023-04-07 02:21:07 INFO     test: aip: 100
2023-04-07 02:21:11 INFO     Test aip MRR at epoch 100: 0.121425
2023-04-07 02:21:11 INFO     Test aip HITS1 at epoch 100: 0.083418
2023-04-07 02:21:11 INFO     Test aip HITS3 at epoch 100: 0.116057
2023-04-07 02:21:11 INFO     Test aip HITS10 at epoch 100: 0.197414
2023-04-07 02:21:11 INFO     Test aip num_queries at epoch 100: 100.000000
2023-04-07 02:21:11 INFO     Test average MRR at epoch 100: 0.121425
2023-04-07 02:21:11 INFO     Test average HITS1 at epoch 100: 0.083418
2023-04-07 02:21:11 INFO     Test average HITS3 at epoch 100: 0.116057
2023-04-07 02:21:11 INFO     Test average HITS10 at epoch 100: 0.197414
2023-04-07 02:21:13 INFO     test: pai: 100
2023-04-07 02:21:17 INFO     Test pai MRR at epoch 100: 0.322903
2023-04-07 02:21:17 INFO     Test pai HITS1 at epoch 100: 0.244898
2023-04-07 02:21:17 INFO     Test pai HITS3 at epoch 100: 0.356905
2023-04-07 02:21:17 INFO     Test pai HITS10 at epoch 100: 0.472715
2023-04-07 02:21:17 INFO     Test pai num_queries at epoch 100: 100.000000
2023-04-07 02:21:17 INFO     Test average MRR at epoch 100: 0.322903
2023-04-07 02:21:17 INFO     Test average HITS1 at epoch 100: 0.244898
2023-04-07 02:21:17 INFO     Test average HITS3 at epoch 100: 0.356905
2023-04-07 02:21:17 INFO     Test average HITS10 at epoch 100: 0.472715
2023-04-07 02:21:19 INFO     test: au: 100
2023-04-07 02:21:25 INFO     Test au MRR at epoch 100: 0.133930
2023-04-07 02:21:25 INFO     Test au HITS1 at epoch 100: 0.072883
2023-04-07 02:21:25 INFO     Test au HITS3 at epoch 100: 0.143825
2023-04-07 02:21:25 INFO     Test au HITS10 at epoch 100: 0.249994
2023-04-07 02:21:25 INFO     Test au num_queries at epoch 100: 100.000000
2023-04-07 02:21:25 INFO     Test average MRR at epoch 100: 0.133930
2023-04-07 02:21:25 INFO     Test average HITS1 at epoch 100: 0.072883
2023-04-07 02:21:25 INFO     Test average HITS3 at epoch 100: 0.143825
2023-04-07 02:21:25 INFO     Test average HITS10 at epoch 100: 0.249994